<?xml version="1.0" encoding="UTF-8"?>
<!-- Generated by org.testng.reporters.JUnitXMLReporter -->
<testsuite ignored="0" hostname="Ved" failures="0" tests="8" name="Default test" time="105.49" errors="0" timestamp="2025-03-04T19:24:14 IST">
  <testcase classname="eCommerce.POM_Client_Ecommerce" name="signUp" time="18.58"/>
  <testcase classname="eCommerce.POM_Client_Ecommerce" name="logIn" time="0.747"/>
  <testcase classname="eCommerce.POM_Client_Ecommerce" name="browsingProduct" time="21.207"/>
  <testcase classname="eCommerce.POM_Client_Ecommerce" name="clickOnProduct" time="11.966"/>
  <testcase classname="eCommerce.POM_Client_Ecommerce" name="addToCart" time="1.18"/>
  <testcase classname="eCommerce.POM_Client_Ecommerce" name="selectLaptop" time="13.512"/>
  <testcase classname="eCommerce.POM_Client_Ecommerce" name="cartPageOpn" time="7.666"/>
  <testcase classname="eCommerce.POM_Client_Ecommerce" name="checkOutProcess" time="22.224"/>
</testsuite> <!-- Default test -->
